<?xml version="1.0" encoding="utf-8"?><testsuites name="pytest tests"><testsuite name="pytest" errors="0" failures="0" skipped="0" tests="13" time="3.320" timestamp="2026-07-01T06:42:58.203262+00:00" hostname="agent-env-30663de1-6c52-48ab-bfd7-65e8d5908be9"><testcase classname="tests.test_shop" name="test_list_products_seeded" time="0.274" /><testcase classname="tests.test_shop" name="test_filter_by_category_office" time="0.132" /><testcase classname="tests.test_shop" name="test_filter_by_search_mug" time="0.131" /><testcase classname="tests.test_shop" name="test_filter_category_all_returns_all" time="0.136" /><testcase classname="tests.test_shop" name="test_get_product_p1" time="0.287" /><testcase classname="tests.test_shop" name="test_get_product_not_found" time="0.103" /><testcase classname="tests.test_shop" name="test_create_order_requires_auth" time="0.099" /><testcase classname="tests.test_shop" name="test_get_orders_requires_auth" time="0.133" /><testcase classname="tests.test_shop" name="test_create_order_computes_total_server_side" time="0.563" /><testcase classname="tests.test_shop" name="test_create_order_ignores_client_total" time="0.099" /><testcase classname="tests.test_shop" name="test_create_order_invalid_product" time="0.096" /><testcase classname="tests.test_shop" name="test_create_order_empty_items" time="0.097" /><testcase classname="tests.test_shop" name="test_orders_are_user_scoped" time="0.623" /></testsuite></testsuites>