<?xml version="1.0" encoding="utf-8"?><testsuites name="pytest tests"><testsuite name="pytest" errors="0" failures="0" skipped="0" tests="8" time="2.951" timestamp="2026-07-01T07:30:46.476393+00:00" hostname="agent-env-30663de1-6c52-48ab-bfd7-65e8d5908be9"><testcase classname="tests.test_shop_checkout" name="test_create_order_shipping_methods[standard-0.0-5-7 business days]" time="0.563" /><testcase classname="tests.test_shop_checkout" name="test_create_order_shipping_methods[express-9.99-2-3 business days]" time="0.137" /><testcase classname="tests.test_shop_checkout" name="test_create_order_shipping_methods[overnight-24.99-next business day]" time="0.127" /><testcase classname="tests.test_shop_checkout" name="test_create_order_default_method_is_standard" time="0.103" /><testcase classname="tests.test_shop_checkout" name="test_get_order_by_id_returns_full_order" time="0.234" /><testcase classname="tests.test_shop_checkout" name="test_get_order_unknown_id_returns_404" time="0.098" /><testcase classname="tests.test_shop_checkout" name="test_get_order_without_auth_returns_401" time="0.193" /><testcase classname="tests.test_shop_checkout" name="test_get_other_users_order_returns_404" time="0.981" /></testsuite></testsuites>